<?xml version="1.0" encoding="UTF-8"?>
<!-- Generated by org.testng.reporters.JUnitReportReporter -->
<testsuite hostname="DESKTOP-LC2OIGE" failures="0" tests="1" name="com.contact.Tc_003_CreateContact_StartDate_Test" time="25.514" errors="0" timestamp="2021-10-15T14:11:43 IST" skipped="0">
  <testcase classname="com.contact.Tc_003_CreateContact_StartDate_Test" name="Tc003_CreateContactwithStartDate" time="25.514"/>
  <system-out/>
</testsuite> <!-- com.contact.Tc_003_CreateContact_StartDate_Test -->
