<?xml version="1.0" encoding="UTF-8"?>
<!-- Generated by org.testng.reporters.JUnitReportReporter -->
<testsuite hostname="DESKTOP-LC2OIGE" failures="0" tests="1" name="JDBCUtils.UpdateQuery" time="0.475" errors="0" timestamp="2021-11-12T12:35:33 IST" skipped="0">
  <testcase classname="JDBCUtils.UpdateQuery" name="updateQuery" time="0.475"/>
  <system-out/>
</testsuite> <!-- JDBCUtils.UpdateQuery -->
