<?xml version="1.0" encoding="UTF-8"?>
<!-- Generated by org.testng.reporters.JUnitReportReporter -->
<testsuite hostname="DESKTOP-LC2OIGE" failures="0" tests="1" name="com.practice.Tc_002_Clicking_Checkboxes_Test" time="13.276" errors="0" timestamp="2021-10-12T07:32:37 IST" skipped="0">
  <testcase classname="com.practice.Tc_002_Clicking_Checkboxes_Test" name="Tc002_Clickingallcheckboxes" time="13.276"/>
  <system-out/>
</testsuite> <!-- com.practice.Tc_002_Clicking_Checkboxes_Test -->
