<?xml version="1.0" encoding="UTF-8"?>
<!-- Generated by org.testng.reporters.JUnitReportReporter -->
<testsuite hostname="DESKTOP-LC2OIGE" failures="0" tests="1" name="com.contact.Tc_003_CreateContact_StartDate_Test" time="26.288" errors="0" timestamp="2021-11-05T16:57:38 IST" skipped="0">
  <testcase classname="com.contact.Tc_003_CreateContact_StartDate_Test" name="Tc003_CreateContactwithStartDate" time="26.288"/>
  <system-out/>
</testsuite> <!-- com.contact.Tc_003_CreateContact_StartDate_Test -->
