<?xml version="1.0" encoding="UTF-8"?>
<!-- Generated by org.testng.reporters.JUnitReportReporter -->
<testsuite hostname="DESKTOP-LC2OIGE" failures="0" tests="1" name="com.contact.Tc_001_CreateContact_Email_Test" time="26.928" errors="0" timestamp="2021-11-05T17:16:54 IST" skipped="0">
  <testcase classname="com.contact.Tc_001_CreateContact_Email_Test" name="Tc001_CreateContactwithEmail" time="26.928"/>
  <system-out/>
</testsuite> <!-- com.contact.Tc_001_CreateContact_Email_Test -->
