<?xml version="1.0" encoding="UTF-8"?>
<!-- Generated by org.testng.reporters.JUnitReportReporter -->
<testsuite hostname="DESKTOP-LC2OIGE" failures="0" tests="1" name="JDBCUtils.ExecuteQuery1" time="0.402" errors="0" timestamp="2021-10-07T18:04:22 IST" skipped="0">
  <testcase classname="JDBCUtils.ExecuteQuery1" name="executeQuery" time="0.402"/>
  <system-out/>
</testsuite> <!-- JDBCUtils.ExecuteQuery1 -->
