<?xml version="1.0" encoding="UTF-8"?>
<!-- Generated by org.testng.reporters.JUnitReportReporter -->
<testsuite hostname="DESKTOP-LC2OIGE" failures="0" tests="1" name="vtiger.CreateContactTc_001" time="35.355" errors="0" timestamp="2021-10-08T16:02:29 IST" skipped="0">
  <testcase classname="vtiger.CreateContactTc_001" name="CreatecontactTest" time="35.355"/>
  <system-out/>
</testsuite> <!-- vtiger.CreateContactTc_001 -->
