<?xml version="1.0" encoding="UTF-8"?>
<!-- Generated by org.testng.reporters.JUnitReportReporter -->
<testsuite hostname="DESKTOP-LC2OIGE" failures="0" tests="1" name="vtiger.CreateObjTc_001" time="27.092" errors="0" timestamp="2021-10-08T14:34:29 IST" skipped="0">
  <testcase classname="vtiger.CreateObjTc_001" name="TC001_CreateObjwithDropdown" time="27.092"/>
  <system-out/>
</testsuite> <!-- vtiger.CreateObjTc_001 -->
