<?xml version="1.0" encoding="UTF-8"?>
<!-- Generated by org.testng.reporters.JUnitReportReporter -->
<testsuite hostname="DESKTOP-LC2OIGE" failures="0" tests="7" name="com.practice.InvocationCount" time="0.016" errors="0" timestamp="2021-10-20T17:20:51 IST" skipped="0">
  <testcase classname="com.practice.InvocationCount" name="priority3" time="0.000"/>
  <system-out/>
  <testcase classname="com.practice.InvocationCount" name="priority3" time="0.000"/>
  <system-out/>
  <testcase classname="com.practice.InvocationCount" name="priority2" time="0.016"/>
  <system-out/>
  <testcase classname="com.practice.InvocationCount" name="priority3" time="0.000"/>
  <system-out/>
  <testcase classname="com.practice.InvocationCount" name="priority3" time="0.000"/>
  <system-out/>
  <testcase classname="com.practice.InvocationCount" name="priority3" time="0.000"/>
  <system-out/>
  <testcase classname="com.practice.InvocationCount" name="priority2" time="0.000"/>
  <system-out/>
</testsuite> <!-- com.practice.InvocationCount -->
