<?xml version="1.0" encoding="UTF-8"?>
<!-- Generated by org.testng.reporters.JUnitReportReporter -->
<testsuite hostname="DESKTOP-LC2OIGE" failures="0" tests="1" name="vtiger.Tc_001_CreateObj_org_Test" time="25.707" errors="0" timestamp="2021-10-13T10:51:14 IST" skipped="0">
  <testcase classname="vtiger.Tc_001_CreateObj_org_Test" name="TC001_CreateObjwithDropdown" time="25.707"/>
  <system-out/>
</testsuite> <!-- vtiger.Tc_001_CreateObj_org_Test -->
