<?xml version="1.0" encoding="UTF-8"?>
<!-- Generated by org.testng.reporters.JUnitReportReporter -->
<testsuite hostname="DESKTOP-LC2OIGE" failures="0" tests="1" name="com.contact.Tc_005_CreateContact_Data_Test" time="28.964" errors="0" timestamp="2021-11-05T17:10:39 IST" skipped="0">
  <testcase classname="com.contact.Tc_005_CreateContact_Data_Test" name="Tc_CreateContactDatawithAddress" time="28.964"/>
  <system-out/>
</testsuite> <!-- com.contact.Tc_005_CreateContact_Data_Test -->
