<?xml version="1.0" encoding="UTF-8"?>
<!-- Generated by org.testng.reporters.JUnitReportReporter -->
<testsuite hostname="DESKTOP-LC2OIGE" failures="0" tests="1" name="vtiger.Tc_001_CreateOrg_DD_Test" time="30.011" errors="0" timestamp="2021-10-14T11:25:52 IST" skipped="0">
  <testcase classname="vtiger.Tc_001_CreateOrg_DD_Test" name="Tc001_CreateOrgDDTest" time="30.011"/>
  <system-out/>
</testsuite> <!-- vtiger.Tc_001_CreateOrg_DD_Test -->
