<?xml version="1.0" encoding="UTF-8"?>
<!-- Generated by org.testng.reporters.JUnitReportReporter -->
<testsuite hostname="DESKTOP-LC2OIGE" failures="0" tests="1" name="JDBCUtils.ExecuteQuery2" time="0.431" errors="0" timestamp="2021-11-10T15:07:57 IST" skipped="0">
  <testcase classname="JDBCUtils.ExecuteQuery2" name="executequery" time="0.431"/>
  <system-out/>
</testsuite> <!-- JDBCUtils.ExecuteQuery2 -->
