<?xml version="1.0" encoding="UTF-8"?>
<!-- Generated by org.testng.reporters.JUnitReportReporter -->
<testsuite hostname="DESKTOP-LC2OIGE" failures="0" tests="3" name="com.practice.Priorityclass" time="0.015" errors="0" timestamp="2021-11-08T10:59:40 IST" skipped="0">
  <testcase classname="com.practice.Priorityclass" name="priority3" time="0.012"/>
  <system-out/>
  <testcase classname="com.practice.Priorityclass" name="zriority2" time="0.002"/>
  <system-out/>
  <testcase classname="com.practice.Priorityclass" name="priority1" time="0.001"/>
  <system-out/>
</testsuite> <!-- com.practice.Priorityclass -->
