<?xml version="1.0" encoding="UTF-8"?>
<!-- Generated by org.testng.reporters.JUnitReportReporter -->
<testsuite hostname="DESKTOP-LC2OIGE" failures="0" tests="3" name="com.practice.DisableMethods" time="0.016" errors="0" timestamp="2021-10-20T17:24:55 IST" skipped="1">
  <testcase classname="com.practice.DisableMethods" name="priority1" time="0.016"/>
  <system-out/>
  <testcase classname="com.practice.DisableMethods" name="priority2" time="0.000"/>
  <system-out/>
  <testcase classname="com.practice.DisableMethods" name="priority3">
    <skipped/>
  </testcase> <!-- priority3 -->
  <system-out/>
</testsuite> <!-- com.practice.DisableMethods -->
