<?xml version="1.0" encoding="UTF-8"?>
<!-- Generated by org.testng.reporters.JUnitReportReporter -->
<testsuite hostname="DESKTOP-LC2OIGE" failures="0" tests="3" name="com.practice.Priorityclass" time="0.021" errors="0" timestamp="2021-10-21T11:03:14 IST" skipped="0">
  <testcase classname="com.practice.Priorityclass" name="priority3" time="0.013"/>
  <system-out/>
  <testcase classname="com.practice.Priorityclass" name="priority1" time="0.006"/>
  <system-out/>
  <testcase classname="com.practice.Priorityclass" name="zriority2" time="0.002"/>
  <system-out/>
</testsuite> <!-- com.practice.Priorityclass -->
