<?xml version="1.0" encoding="UTF-8"?>
<!-- Generated by org.testng.reporters.JUnitReportReporter -->
<testsuite hostname="DESKTOP-LC2OIGE" failures="0" tests="1" name="com.Vtiger.pomscripts.Tc_001_CreateContact_Test" time="124.533" errors="0" timestamp="2021-11-22T16:32:18 IST" skipped="0">
  <testcase classname="com.Vtiger.pomscripts.Tc_001_CreateContact_Test" name="TC001_CreateContactTest" time="124.533"/>
  <system-out/>
</testsuite> <!-- com.Vtiger.pomscripts.Tc_001_CreateContact_Test -->
