<?xml version="1.0" encoding="UTF-8"?>
<!-- Generated by org.testng.reporters.JUnitReportReporter -->
<testsuite hostname="DESKTOP-LC2OIGE" failures="0" tests="1" name="com.practice.Tc_001_ICCMENSTEAM_Test" time="52.920" errors="0" timestamp="2021-10-11T11:03:13 IST" skipped="0">
  <testcase classname="com.practice.Tc_001_ICCMENSTEAM_Test" name="Tc001_ICCTEAMRANKINGS" time="52.920"/>
  <system-out/>
</testsuite> <!-- com.practice.Tc_001_ICCMENSTEAM_Test -->
