<?xml version="1.0" encoding="UTF-8"?>
<!-- Generated by org.testng.reporters.JUnitReportReporter -->
<testsuite hostname="DESKTOP-LC2OIGE" failures="0" tests="1" name="com.Vtiger.Generic.ExtentReport" time="30.648" errors="0" timestamp="2021-10-26T15:45:15 IST" skipped="0">
  <testcase classname="com.Vtiger.Generic.ExtentReport" name="Createorg_Test" time="30.648"/>
  <system-out/>
</testsuite> <!-- com.Vtiger.Generic.ExtentReport -->
