<?xml version="1.0" encoding="UTF-8"?>
<!-- Generated by org.testng.reporters.JUnitReportReporter -->
<testsuite hostname="DESKTOP-LC2OIGE" failures="0" tests="1" name="com.contact.Tc_001_CreateContact_Email_Test" time="28.030" errors="0" timestamp="2021-10-15T12:55:44 IST" skipped="0">
  <testcase classname="com.contact.Tc_001_CreateContact_Email_Test" name="Tc001_CreateContactwithEmail" time="28.030"/>
  <system-out/>
</testsuite> <!-- com.contact.Tc_001_CreateContact_Email_Test -->
