<?xml version="1.0" encoding="UTF-8"?>
<!-- Generated by org.testng.reporters.JUnitReportReporter -->
<testsuite hostname="DESKTOP-LC2OIGE" failures="0" tests="1" name="com.contact.Tc_002_CreateContact_Reports_Test" time="31.644" errors="0" timestamp="2021-11-05T16:42:51 IST" skipped="0">
  <testcase classname="com.contact.Tc_002_CreateContact_Reports_Test" name="Tc002_CreateContactwithReports" time="31.644"/>
  <system-out/>
</testsuite> <!-- com.contact.Tc_002_CreateContact_Reports_Test -->
