<?xml version="1.0" encoding="UTF-8"?>
<!-- Generated by org.testng.reporters.JUnitReportReporter -->
<testsuite hostname="DESKTOP-LC2OIGE" failures="0" tests="1" name="vtiger.CreateContactTc_002" time="37.152" errors="0" timestamp="2021-10-08T16:00:52 IST" skipped="0">
  <testcase classname="vtiger.CreateContactTc_002" name="CreateContactTest" time="37.152"/>
  <system-out/>
</testsuite> <!-- vtiger.CreateContactTc_002 -->
