<?xml version="1.0" encoding="UTF-8"?>
<!-- Generated by org.testng.reporters.JUnitReportReporter -->
<testsuite hostname="DESKTOP-LC2OIGE" failures="0" tests="3" name="com.practice.MMT" time="144.384" errors="0" timestamp="2021-11-12T18:34:33 IST" skipped="0">
  <testcase classname="com.practice.MMT" name="main" time="51.729"/>
  <system-out/>
  <testcase classname="com.practice.MMT" name="main" time="40.943"/>
  <system-out/>
  <testcase classname="com.practice.MMT" name="main" time="51.712"/>
  <system-out/>
</testsuite> <!-- com.practice.MMT -->
