<?xml version="1.0" encoding="UTF-8"?>
<!-- Generated by org.testng.reporters.JUnitReportReporter -->
<testsuite hostname="DESKTOP-LC2OIGE" failures="0" tests="1" name="com.contact.Tc_004_CreateContact_Description_Test" time="31.839" errors="0" timestamp="2021-10-15T20:46:21 IST" skipped="0">
  <testcase classname="com.contact.Tc_004_CreateContact_Description_Test" name="Tc004_CreateContactwithDescription" time="31.839"/>
  <system-out/>
</testsuite> <!-- com.contact.Tc_004_CreateContact_Description_Test -->
