<?xml version="1.0" encoding="UTF-8"?>
<!-- Generated by org.testng.reporters.JUnitReportReporter -->
<testsuite hostname="DESKTOP-LC2OIGE" failures="0" tests="3" name="com.practice.Dataprovider1" time="0.012" errors="0" timestamp="2021-10-21T21:31:16 IST" skipped="0">
  <testcase classname="com.practice.Dataprovider1" name="bookTicket" time="0.010"/>
  <system-out/>
  <testcase classname="com.practice.Dataprovider1" name="bookTicket" time="0.001"/>
  <system-out/>
  <testcase classname="com.practice.Dataprovider1" name="bookTicket" time="0.001"/>
  <system-out/>
</testsuite> <!-- com.practice.Dataprovider1 -->
