<?xml version="1.0" encoding="UTF-8"?>
<!-- Generated by org.testng.reporters.JUnitReportReporter -->
<testsuite hostname="DESKTOP-LC2OIGE" failures="0" tests="1" name="JDBCUtils.ExecuteQuery" time="0.380" errors="0" timestamp="2021-11-10T16:25:17 IST" skipped="0">
  <testcase classname="JDBCUtils.ExecuteQuery" name="executeQuery" time="0.380"/>
  <system-out/>
</testsuite> <!-- JDBCUtils.ExecuteQuery -->
