<?xml version="1.0" encoding="UTF-8"?>
<!-- Generated by org.testng.reporters.JUnitReportReporter -->
<testsuite hostname="DESKTOP-LC2OIGE" failures="0" tests="1" name="com.Vtiger.pomscripts.Tc_002_CreateContact_org_Test" time="128.644" errors="0" timestamp="2021-11-22T16:32:18 IST" skipped="0">
  <testcase classname="com.Vtiger.pomscripts.Tc_002_CreateContact_org_Test" name="CreateContactTestWindowHandle" time="128.644"/>
  <system-out/>
</testsuite> <!-- com.Vtiger.pomscripts.Tc_002_CreateContact_org_Test -->
