<?xml version="1.0" encoding="UTF-8"?>
<!-- Generated by org.testng.reporters.JUnitReportReporter -->
<testsuite hostname="DESKTOP-LC2OIGE" failures="0" tests="1" name="com.practice.Tc_001_ICCMENSTEAM_Test" time="42.698" errors="0" timestamp="2021-11-24T06:57:12 IST" skipped="0">
  <testcase classname="com.practice.Tc_001_ICCMENSTEAM_Test" name="Tc001_ICCTEAMRANKINGS" time="42.698"/>
  <system-out/>
</testsuite> <!-- com.practice.Tc_001_ICCMENSTEAM_Test -->
