<?xml version="1.0" encoding="UTF-8"?>
<!-- Generated by org.testng.reporters.JUnitReportReporter -->
<testsuite hostname="DESKTOP-LC2OIGE" failures="0" tests="1" name="com.practice.ABTeam" time="33.360" errors="0" timestamp="2021-11-12T15:24:05 IST" skipped="0">
  <testcase classname="com.practice.ABTeam" name="iccMatchesTest" time="33.360"/>
  <system-out/>
</testsuite> <!-- com.practice.ABTeam -->
