<?xml version="1.0" encoding="UTF-8"?>
<!-- Generated by org.testng.reporters.JUnitReportReporter -->
<testsuite hostname="DESKTOP-LC2OIGE" failures="0" tests="1" name="JDBCUtils.ExecuteQuery" time="0.510" errors="0" timestamp="2021-11-12T12:35:48 IST" skipped="0">
  <testcase classname="JDBCUtils.ExecuteQuery" name="executeQuery" time="0.510"/>
  <system-out/>
</testsuite> <!-- JDBCUtils.ExecuteQuery -->
